{"C:\\Users\\nouran.elrefai\\Desktop\\Data-structure-ES6\\cloneArray.js": {"path":"C:\\Users\\nouran.elrefai\\Desktop\\Data-structure-ES6\\cloneArray.js","statementMap":{"0":{"start":{"line":2,"column":2},"end":{"line":2,"column":20}},"1":{"start":{"line":4,"column":0},"end":{"line":4,"column":28}}},"fnMap":{"0":{"name":"cloneArray","decl":{"start":{"line":1,"column":9},"end":{"line":1,"column":19}},"loc":{"start":{"line":1,"column":27},"end":{"line":3,"column":1}},"line":1}},"branchMap":{},"s":{"0":2,"1":1},"f":{"0":2},"b":{},"_coverageSchema":"1a1c01bbd47fc00a2c39e90264f33305004495a9","hash":"a734b858b2dcd823ff12d48299f38e5083a26dbb"}
}
